[2025-10-09 18:19:28] NAS: Processing job: C:\xampp\htdocs\mrbs2025\web/temp/email_job_5241_1760005168.json
[2025-10-09 18:19:28] NAS: Background email started for: Meeting Updated: TEst Bro
[2025-10-09 18:19:33] NAS: ✓ Sent to: it-staff10.ph@toyoflex.com
[2025-10-09 18:19:33] NAS: Email batch completed. Success: 1, Failed: 0
[2025-10-09 18:19:33] NAS: Job completed and cleaned up: C:\xampp\htdocs\mrbs2025\web/temp/email_job_5241_1760005168.json
[2025-10-09 18:19:40] NAS: Processing job: C:\xampp\htdocs\mrbs2025\web/temp/email_job_5242_1760005179.json
[2025-10-09 18:19:40] NAS: Background email started for: Meeting Updated: TEst Bro
[2025-10-09 18:19:44] NAS: ✓ Sent to: it-staff10.ph@toyoflex.com
[2025-10-09 18:19:44] NAS: Email batch completed. Success: 1, Failed: 0
[2025-10-09 18:19:44] NAS: Job completed and cleaned up: C:\xampp\htdocs\mrbs2025\web/temp/email_job_5242_1760005179.json
[2025-10-09 18:19:54] NAS: Processing job: C:\xampp\htdocs\mrbs2025\web/temp/email_job_5243_1760005194.json
[2025-10-09 18:19:54] NAS: Background email started for: Meeting Updated: TEst Bro
[2025-10-09 18:19:59] NAS: ✓ Sent to: it-staff10.ph@toyoflex.com
[2025-10-09 18:19:59] NAS: Email batch completed. Success: 1, Failed: 0
[2025-10-09 18:19:59] NAS: Job completed and cleaned up: C:\xampp\htdocs\mrbs2025\web/temp/email_job_5243_1760005194.json
[2025-10-09 18:20:06] NAS: Processing job: C:\xampp\htdocs\mrbs2025\web/temp/email_job_5244_1760005206.json
[2025-10-09 18:20:06] NAS: Background email started for: Meeting Updated: TEst Bro
[2025-10-09 18:20:10] NAS: ✓ Sent to: it-staff10.ph@toyoflex.com
[2025-10-09 18:20:10] NAS: Email batch completed. Success: 1, Failed: 0
[2025-10-09 18:20:10] NAS: Job completed and cleaned up: C:\xampp\htdocs\mrbs2025\web/temp/email_job_5244_1760005206.json
[2025-10-09 18:21:00] NAS: Processing job: C:\xampp\htdocs\mrbs2025\web/temp/email_job_5245_1760005260.json
[2025-10-09 18:21:00] NAS: Background email started for: Meeting Updated: TEst Subject
[2025-10-09 18:21:04] NAS: ✓ Sent to: it-staff10.ph@toyoflex.com
[2025-10-09 18:21:04] NAS: Email batch completed. Success: 1, Failed: 0
[2025-10-09 18:21:04] NAS: Job completed and cleaned up: C:\xampp\htdocs\mrbs2025\web/temp/email_job_5245_1760005260.json
[2025-10-09 18:27:19] NAS: Processing job: C:\xampp\htdocs\mrbs2025\web/temp/email_job_5246_1760005639.json
[2025-10-09 18:27:19] NAS: Background email started for: Meeting Announcement: TEst Ay Juyd ni WIth BAckground
[2025-10-09 18:27:24] NAS: ✓ Sent to: it-staff10.ph@toyoflex.com
[2025-10-09 18:27:28] NAS: ✓ Sent to: it-staff11.ph@toyoflex.com
[2025-10-09 18:27:33] NAS: ✓ Sent to: it-tech9.ph@toyoflex.com
[2025-10-09 18:27:37] NAS: ✓ Sent to: it-staff5.ph@toyoflex.com
[2025-10-09 18:27:42] NAS: ✓ Sent to: noreply.toyoflex@gmail.com
[2025-10-09 18:27:42] NAS: Email batch completed. Success: 5, Failed: 0
[2025-10-09 18:27:42] NAS: Job completed and cleaned up: C:\xampp\htdocs\mrbs2025\web/temp/email_job_5246_1760005639.json
[2025-10-20 14:58:29] NAS: Processing job: C:\xampp\htdocs\mrbs2025\web/temp/email_job_5247_1760943507.json
[2025-10-20 14:58:29] NAS: Background email started for: Meeting Announcement: asdas
[2025-10-20 14:58:35] NAS: ✓ Sent to: it-staff10.ph@toyoflex.com
[2025-10-20 14:58:41] NAS: ✓ Sent to: no-reply.toyoflex@gmail.com
[2025-10-20 14:58:41] NAS: Email batch completed. Success: 2, Failed: 0
[2025-10-20 14:58:41] NAS: Job completed and cleaned up: C:\xampp\htdocs\mrbs2025\web/temp/email_job_5247_1760943507.json
[2025-10-22 12:40:38] NAS: Processing job: C:\xampp\htdocs\mrbs2025\web/temp/email_job_5248_1761108035.json
[2025-10-22 12:40:38] NAS: Background email started for: Meeting Announcement: fdfdsf
[2025-10-22 12:40:44] NAS: ✓ Sent to: it-staff10.ph@toyoflex.com
[2025-10-22 12:40:44] NAS: Email batch completed. Success: 1, Failed: 0
[2025-10-22 12:40:44] NAS: Job completed and cleaned up: C:\xampp\htdocs\mrbs2025\web/temp/email_job_5248_1761108035.json
